C:\Users\LinhLPV\source\Workspaces\Workspace\IMSv2\IMS\Frontend\dist\out-tsc\app\Shared\MaterialComponent\InputDiscussion\InputDiscussion.component.js
C:\Users\LinhLPV\source\Workspaces\Workspace\IMSv2\IMS\Frontend\dist\out-tsc\app\Shared\MaterialComponent\InputDiscussion\InputDiscussion.component.js.map
C:\Users\LinhLPV\source\Workspaces\Workspace\IMSv2\IMS\Frontend\dist\out-tsc\app\Shared\MaterialComponent\dropdown\dropdown.component.js
C:\Users\LinhLPV\source\Workspaces\Workspace\IMSv2\IMS\Frontend\dist\out-tsc\app\Shared\MaterialComponent\dropdown\dropdown.component.js.map
C:\Users\LinhLPV\source\Workspaces\Workspace\IMSv2\IMS\Frontend\dist\out-tsc\app\Modules\Filter.Entity.js
C:\Users\LinhLPV\source\Workspaces\Workspace\IMSv2\IMS\Frontend\dist\out-tsc\app\Modules\Filter.Entity.js.map
C:\Users\LinhLPV\source\Workspaces\Workspace\IMSv2\IMS\Frontend\dist\out-tsc\app\Modules\Entity.js
C:\Users\LinhLPV\source\Workspaces\Workspace\IMSv2\IMS\Frontend\dist\out-tsc\app\Modules\Entity.js.map
C:\Users\LinhLPV\source\Workspaces\Workspace\IMSv2\IMS\Frontend\dist\out-tsc\app\Modules\HttpService.js
C:\Users\LinhLPV\source\Workspaces\Workspace\IMSv2\IMS\Frontend\dist\out-tsc\app\Modules\HttpService.js.map
C:\Users\LinhLPV\source\Workspaces\Workspace\IMSv2\IMS\Frontend\dist\out-tsc\app\Shared\MaterialComponent\paging\paging.model.js
C:\Users\LinhLPV\source\Workspaces\Workspace\IMSv2\IMS\Frontend\dist\out-tsc\app\Shared\MaterialComponent\paging\paging.model.js.map
C:\Users\LinhLPV\source\Workspaces\Workspace\IMSv2\IMS\Frontend\dist\out-tsc\app\Shared\CustomToaster.js
C:\Users\LinhLPV\source\Workspaces\Workspace\IMSv2\IMS\Frontend\dist\out-tsc\app\Shared\CustomToaster.js.map
C:\Users\LinhLPV\source\Workspaces\Workspace\IMSv2\IMS\Frontend\dist\out-tsc\app\app.component.js
C:\Users\LinhLPV\source\Workspaces\Workspace\IMSv2\IMS\Frontend\dist\out-tsc\app\app.component.js.map
C:\Users\LinhLPV\source\Workspaces\Workspace\IMSv2\IMS\Frontend\dist\out-tsc\app\menu-model.js
C:\Users\LinhLPV\source\Workspaces\Workspace\IMSv2\IMS\Frontend\dist\out-tsc\app\menu-model.js.map
C:\Users\LinhLPV\source\Workspaces\Workspace\IMSv2\IMS\Frontend\dist\out-tsc\app\Modules\User\User.Entity.js
C:\Users\LinhLPV\source\Workspaces\Workspace\IMSv2\IMS\Frontend\dist\out-tsc\app\Modules\User\User.Entity.js.map
C:\Users\LinhLPV\source\Workspaces\Workspace\IMSv2\IMS\Frontend\dist\out-tsc\app\Modules\User\User.PasswordEntity.js
C:\Users\LinhLPV\source\Workspaces\Workspace\IMSv2\IMS\Frontend\dist\out-tsc\app\Modules\User\User.PasswordEntity.js.map
C:\Users\LinhLPV\source\Workspaces\Workspace\IMSv2\IMS\Frontend\dist\out-tsc\app\Modules\User\User.Service.js
C:\Users\LinhLPV\source\Workspaces\Workspace\IMSv2\IMS\Frontend\dist\out-tsc\app\Modules\User\User.Service.js.map
C:\Users\LinhLPV\source\Workspaces\Workspace\IMSv2\IMS\Frontend\dist\out-tsc\app\Modules\Lecturer\Lecturer.Entity.js
C:\Users\LinhLPV\source\Workspaces\Workspace\IMSv2\IMS\Frontend\dist\out-tsc\app\Modules\Lecturer\Lecturer.Entity.js.map
C:\Users\LinhLPV\source\Workspaces\Workspace\IMSv2\IMS\Frontend\dist\out-tsc\app\Modules\Lecturer\intern-report.service.js
C:\Users\LinhLPV\source\Workspaces\Workspace\IMSv2\IMS\Frontend\dist\out-tsc\app\Modules\Lecturer\intern-report.service.js.map
C:\Users\LinhLPV\source\Workspaces\Workspace\IMSv2\IMS\Frontend\dist\out-tsc\app\Modules\Lecturer\Lecturer.SearchEntity.js
C:\Users\LinhLPV\source\Workspaces\Workspace\IMSv2\IMS\Frontend\dist\out-tsc\app\Modules\Lecturer\Lecturer.SearchEntity.js.map
C:\Users\LinhLPV\source\Workspaces\Workspace\IMSv2\IMS\Frontend\dist\out-tsc\app\UI\Lecturer\Lecturer_Home\LectureHome.component.js
C:\Users\LinhLPV\source\Workspaces\Workspace\IMSv2\IMS\Frontend\dist\out-tsc\app\UI\Lecturer\Lecturer_Home\LectureHome.component.js.map
C:\Users\LinhLPV\source\Workspaces\Workspace\IMSv2\IMS\Frontend\dist\out-tsc\app\Modules\InternNews\InternNews.Entity.js
C:\Users\LinhLPV\source\Workspaces\Workspace\IMSv2\IMS\Frontend\dist\out-tsc\app\Modules\InternNews\InternNews.Entity.js.map
C:\Users\LinhLPV\source\Workspaces\Workspace\IMSv2\IMS\Frontend\dist\out-tsc\app\Modules\Student\Student.Entity.js
C:\Users\LinhLPV\source\Workspaces\Workspace\IMSv2\IMS\Frontend\dist\out-tsc\app\Modules\Student\Student.Entity.js.map
C:\Users\LinhLPV\source\Workspaces\Workspace\IMSv2\IMS\Frontend\dist\out-tsc\app\Modules\InternFollow\InternFollow.Entity.js
C:\Users\LinhLPV\source\Workspaces\Workspace\IMSv2\IMS\Frontend\dist\out-tsc\app\Modules\InternFollow\InternFollow.Entity.js.map
C:\Users\LinhLPV\source\Workspaces\Workspace\IMSv2\IMS\Frontend\dist\out-tsc\app\Modules\InternFollow\InternFollow.Service.js
C:\Users\LinhLPV\source\Workspaces\Workspace\IMSv2\IMS\Frontend\dist\out-tsc\app\Modules\InternFollow\InternFollow.Service.js.map
C:\Users\LinhLPV\source\Workspaces\Workspace\IMSv2\IMS\Frontend\dist\out-tsc\app\Modules\Company\Company.Entity.js
C:\Users\LinhLPV\source\Workspaces\Workspace\IMSv2\IMS\Frontend\dist\out-tsc\app\Modules\Company\Company.Entity.js.map
C:\Users\LinhLPV\source\Workspaces\Workspace\IMSv2\IMS\Frontend\dist\out-tsc\app\Modules\Company\Company.Service.js
C:\Users\LinhLPV\source\Workspaces\Workspace\IMSv2\IMS\Frontend\dist\out-tsc\app\Modules\Company\Company.Service.js.map
C:\Users\LinhLPV\source\Workspaces\Workspace\IMSv2\IMS\Frontend\dist\out-tsc\app\Modules\HREmployee\HREmployee.Entity.js
C:\Users\LinhLPV\source\Workspaces\Workspace\IMSv2\IMS\Frontend\dist\out-tsc\app\Modules\HREmployee\HREmployee.Entity.js.map
C:\Users\LinhLPV\source\Workspaces\Workspace\IMSv2\IMS\Frontend\dist\out-tsc\app\Modules\HREmployee\HREmployee.Service.js
C:\Users\LinhLPV\source\Workspaces\Workspace\IMSv2\IMS\Frontend\dist\out-tsc\app\Modules\HREmployee\HREmployee.Service.js.map
C:\Users\LinhLPV\source\Workspaces\Workspace\IMSv2\IMS\Frontend\dist\out-tsc\app\Modules\InternNews\InternNews.Service.js
C:\Users\LinhLPV\source\Workspaces\Workspace\IMSv2\IMS\Frontend\dist\out-tsc\app\Modules\InternNews\InternNews.Service.js.map
C:\Users\LinhLPV\source\Workspaces\Workspace\IMSv2\IMS\Frontend\dist\out-tsc\app\Modules\InternNews\InternNews.SearchEntity.js
C:\Users\LinhLPV\source\Workspaces\Workspace\IMSv2\IMS\Frontend\dist\out-tsc\app\Modules\InternNews\InternNews.SearchEntity.js.map
C:\Users\LinhLPV\source\Workspaces\Workspace\IMSv2\IMS\Frontend\dist\out-tsc\app\UI\Company\CompanyAnInternNews\CompanyAnInternNews.component.js
C:\Users\LinhLPV\source\Workspaces\Workspace\IMSv2\IMS\Frontend\dist\out-tsc\app\UI\Company\CompanyAnInternNews\CompanyAnInternNews.component.js.map
C:\Users\LinhLPV\source\Workspaces\Workspace\IMSv2\IMS\Frontend\dist\out-tsc\app\Shared\Header\Header.Component.js
C:\Users\LinhLPV\source\Workspaces\Workspace\IMSv2\IMS\Frontend\dist\out-tsc\app\Shared\Header\Header.Component.js.map
C:\Users\LinhLPV\source\Workspaces\Workspace\IMSv2\IMS\Frontend\dist\out-tsc\app\Shared\Body\Body.Component.js
C:\Users\LinhLPV\source\Workspaces\Workspace\IMSv2\IMS\Frontend\dist\out-tsc\app\Shared\Body\Body.Component.js.map
C:\Users\LinhLPV\source\Workspaces\Workspace\IMSv2\IMS\Frontend\dist\out-tsc\app\Shared\MaterialComponent\paging\paging.component.js
C:\Users\LinhLPV\source\Workspaces\Workspace\IMSv2\IMS\Frontend\dist\out-tsc\app\Shared\MaterialComponent\paging\paging.component.js.map
C:\Users\LinhLPV\source\Workspaces\Workspace\IMSv2\IMS\Frontend\dist\out-tsc\app\Shared\MaterialComponent\modal\modal.component.js
C:\Users\LinhLPV\source\Workspaces\Workspace\IMSv2\IMS\Frontend\dist\out-tsc\app\Shared\MaterialComponent\modal\modal.component.js.map
C:\Users\LinhLPV\source\Workspaces\Workspace\IMSv2\IMS\Frontend\dist\out-tsc\app\Shared\MaterialComponent\MenuPurchase\menupurchase.component.js
C:\Users\LinhLPV\source\Workspaces\Workspace\IMSv2\IMS\Frontend\dist\out-tsc\app\Shared\MaterialComponent\MenuPurchase\menupurchase.component.js.map
C:\Users\LinhLPV\source\Workspaces\Workspace\IMSv2\IMS\Frontend\dist\out-tsc\app\Shared\DateParseFormatter.js
C:\Users\LinhLPV\source\Workspaces\Workspace\IMSv2\IMS\Frontend\dist\out-tsc\app\Shared\DateParseFormatter.js.map
C:\Users\LinhLPV\source\Workspaces\Workspace\IMSv2\IMS\Frontend\dist\out-tsc\app\Shared\OnlyNumberDirectivce.js
C:\Users\LinhLPV\source\Workspaces\Workspace\IMSv2\IMS\Frontend\dist\out-tsc\app\Shared\OnlyNumberDirectivce.js.map
C:\Users\LinhLPV\source\Workspaces\Workspace\IMSv2\IMS\Frontend\dist\out-tsc\app\Auth.Guard.Service.js
C:\Users\LinhLPV\source\Workspaces\Workspace\IMSv2\IMS\Frontend\dist\out-tsc\app\Auth.Guard.Service.js.map
C:\Users\LinhLPV\source\Workspaces\Workspace\IMSv2\IMS\Frontend\dist\out-tsc\app\Shared\MaterialComponent\Portlet\Portlet.Component.js
C:\Users\LinhLPV\source\Workspaces\Workspace\IMSv2\IMS\Frontend\dist\out-tsc\app\Shared\MaterialComponent\Portlet\Portlet.Component.js.map
C:\Users\LinhLPV\source\Workspaces\Workspace\IMSv2\IMS\Frontend\dist\out-tsc\app\Shared\MaterialComponent\Excel\Excel.Entity.js
C:\Users\LinhLPV\source\Workspaces\Workspace\IMSv2\IMS\Frontend\dist\out-tsc\app\Shared\MaterialComponent\Excel\Excel.Entity.js.map
C:\Users\LinhLPV\source\Workspaces\Workspace\IMSv2\IMS\Frontend\dist\out-tsc\app\Shared\MaterialComponent\Excel\Excel.component.js
C:\Users\LinhLPV\source\Workspaces\Workspace\IMSv2\IMS\Frontend\dist\out-tsc\app\Shared\MaterialComponent\Excel\Excel.component.js.map
C:\Users\LinhLPV\source\Workspaces\Workspace\IMSv2\IMS\Frontend\dist\out-tsc\app\Shared\MaterialComponent\tagsinput\tagsinput.component.js
C:\Users\LinhLPV\source\Workspaces\Workspace\IMSv2\IMS\Frontend\dist\out-tsc\app\Shared\MaterialComponent\tagsinput\tagsinput.component.js.map
C:\Users\LinhLPV\source\Workspaces\Workspace\IMSv2\IMS\Frontend\dist\out-tsc\app\Shared\MaterialComponent\inputfile\Data.Entity.js
C:\Users\LinhLPV\source\Workspaces\Workspace\IMSv2\IMS\Frontend\dist\out-tsc\app\Shared\MaterialComponent\inputfile\Data.Entity.js.map
C:\Users\LinhLPV\source\Workspaces\Workspace\IMSv2\IMS\Frontend\dist\out-tsc\app\Shared\MaterialComponent\inputfile\inputfile.component.js
C:\Users\LinhLPV\source\Workspaces\Workspace\IMSv2\IMS\Frontend\dist\out-tsc\app\Shared\MaterialComponent\inputfile\inputfile.component.js.map
C:\Users\LinhLPV\source\Workspaces\Workspace\IMSv2\IMS\Frontend\dist\out-tsc\app\Shared\Currency\currency.pipe.js
C:\Users\LinhLPV\source\Workspaces\Workspace\IMSv2\IMS\Frontend\dist\out-tsc\app\Shared\Currency\currency.pipe.js.map
C:\Users\LinhLPV\source\Workspaces\Workspace\IMSv2\IMS\Frontend\dist\out-tsc\app\Shared\Currency\currency-formatter.directive.js
C:\Users\LinhLPV\source\Workspaces\Workspace\IMSv2\IMS\Frontend\dist\out-tsc\app\Shared\Currency\currency-formatter.directive.js.map
C:\Users\LinhLPV\source\Workspaces\Workspace\IMSv2\IMS\Frontend\dist\out-tsc\app\Shared\CustomCurrencyConfig.js
C:\Users\LinhLPV\source\Workspaces\Workspace\IMSv2\IMS\Frontend\dist\out-tsc\app\Shared\CustomCurrencyConfig.js.map
C:\Users\LinhLPV\source\Workspaces\Workspace\IMSv2\IMS\Frontend\dist\out-tsc\app\Modules\User\User.SearchEntity.js
C:\Users\LinhLPV\source\Workspaces\Workspace\IMSv2\IMS\Frontend\dist\out-tsc\app\Modules\User\User.SearchEntity.js.map
C:\Users\LinhLPV\source\Workspaces\Workspace\IMSv2\IMS\Frontend\dist\out-tsc\app\UI\User\user.component.js
C:\Users\LinhLPV\source\Workspaces\Workspace\IMSv2\IMS\Frontend\dist\out-tsc\app\UI\User\user.component.js.map
C:\Users\LinhLPV\source\Workspaces\Workspace\IMSv2\IMS\Frontend\dist\out-tsc\app\Modules\Student\Student.Service.js
C:\Users\LinhLPV\source\Workspaces\Workspace\IMSv2\IMS\Frontend\dist\out-tsc\app\Modules\Student\Student.Service.js.map
C:\Users\LinhLPV\source\Workspaces\Workspace\IMSv2\IMS\Frontend\dist\out-tsc\app\Modules\Student\Student.SearchEntity.js
C:\Users\LinhLPV\source\Workspaces\Workspace\IMSv2\IMS\Frontend\dist\out-tsc\app\Modules\Student\Student.SearchEntity.js.map
C:\Users\LinhLPV\source\Workspaces\Workspace\IMSv2\IMS\Frontend\dist\out-tsc\app\UI\Student\Student.component.js
C:\Users\LinhLPV\source\Workspaces\Workspace\IMSv2\IMS\Frontend\dist\out-tsc\app\UI\Student\Student.component.js.map
C:\Users\LinhLPV\source\Workspaces\Workspace\IMSv2\IMS\Frontend\dist\out-tsc\app\UI\InternNews\InternNews.component.js
C:\Users\LinhLPV\source\Workspaces\Workspace\IMSv2\IMS\Frontend\dist\out-tsc\app\UI\InternNews\InternNews.component.js.map
C:\Users\LinhLPV\source\Workspaces\Workspace\IMSv2\IMS\Frontend\dist\out-tsc\app\Modules\Company\Company.SearchEntity.js
C:\Users\LinhLPV\source\Workspaces\Workspace\IMSv2\IMS\Frontend\dist\out-tsc\app\Modules\Company\Company.SearchEntity.js.map
C:\Users\LinhLPV\source\Workspaces\Workspace\IMSv2\IMS\Frontend\dist\out-tsc\app\UI\Company\company.component.js
C:\Users\LinhLPV\source\Workspaces\Workspace\IMSv2\IMS\Frontend\dist\out-tsc\app\UI\Company\company.component.js.map
C:\Users\LinhLPV\source\Workspaces\Workspace\IMSv2\IMS\Frontend\dist\out-tsc\app\UI\LecturerProfile\LecturerProfile.component.js
C:\Users\LinhLPV\source\Workspaces\Workspace\IMSv2\IMS\Frontend\dist\out-tsc\app\UI\LecturerProfile\LecturerProfile.component.js.map
C:\Users\LinhLPV\source\Workspaces\Workspace\IMSv2\IMS\Frontend\dist\out-tsc\app\UI\ChangingPassword\Password.Validators.js
C:\Users\LinhLPV\source\Workspaces\Workspace\IMSv2\IMS\Frontend\dist\out-tsc\app\UI\ChangingPassword\Password.Validators.js.map
C:\Users\LinhLPV\source\Workspaces\Workspace\IMSv2\IMS\Frontend\dist\out-tsc\app\UI\ChangingPassword\ChangingPassword.component.js
C:\Users\LinhLPV\source\Workspaces\Workspace\IMSv2\IMS\Frontend\dist\out-tsc\app\UI\ChangingPassword\ChangingPassword.component.js.map
C:\Users\LinhLPV\source\Workspaces\Workspace\IMSv2\IMS\Frontend\dist\out-tsc\app\UI\Lecturer\Lecturer.component.js
C:\Users\LinhLPV\source\Workspaces\Workspace\IMSv2\IMS\Frontend\dist\out-tsc\app\UI\Lecturer\Lecturer.component.js.map
C:\Users\LinhLPV\source\Workspaces\Workspace\IMSv2\IMS\Frontend\dist\out-tsc\app\Modules\Admin\Admin.Entity.js
C:\Users\LinhLPV\source\Workspaces\Workspace\IMSv2\IMS\Frontend\dist\out-tsc\app\Modules\Admin\Admin.Entity.js.map
C:\Users\LinhLPV\source\Workspaces\Workspace\IMSv2\IMS\Frontend\dist\out-tsc\app\Modules\Admin\Admin.Service.js
C:\Users\LinhLPV\source\Workspaces\Workspace\IMSv2\IMS\Frontend\dist\out-tsc\app\Modules\Admin\Admin.Service.js.map
C:\Users\LinhLPV\source\Workspaces\Workspace\IMSv2\IMS\Frontend\dist\out-tsc\app\Modules\Admin\Admin.SearchEntity.js
C:\Users\LinhLPV\source\Workspaces\Workspace\IMSv2\IMS\Frontend\dist\out-tsc\app\Modules\Admin\Admin.SearchEntity.js.map
C:\Users\LinhLPV\source\Workspaces\Workspace\IMSv2\IMS\Frontend\dist\out-tsc\app\UI\Admin\Admin.component.js
C:\Users\LinhLPV\source\Workspaces\Workspace\IMSv2\IMS\Frontend\dist\out-tsc\app\UI\Admin\Admin.component.js.map
C:\Users\LinhLPV\source\Workspaces\Workspace\IMSv2\IMS\Frontend\dist\out-tsc\app\Modules\InternReport\InternReport.Entity.js
C:\Users\LinhLPV\source\Workspaces\Workspace\IMSv2\IMS\Frontend\dist\out-tsc\app\Modules\InternReport\InternReport.Entity.js.map
C:\Users\LinhLPV\source\Workspaces\Workspace\IMSv2\IMS\Frontend\dist\out-tsc\app\Modules\InternReport\InternReport.Service.js
C:\Users\LinhLPV\source\Workspaces\Workspace\IMSv2\IMS\Frontend\dist\out-tsc\app\Modules\InternReport\InternReport.Service.js.map
C:\Users\LinhLPV\source\Workspaces\Workspace\IMSv2\IMS\Frontend\dist\out-tsc\app\UI\Student\Student_Intern_Report_Term\InternReportTerm.component.js
C:\Users\LinhLPV\source\Workspaces\Workspace\IMSv2\IMS\Frontend\dist\out-tsc\app\UI\Student\Student_Intern_Report_Term\InternReportTerm.component.js.map
C:\Users\LinhLPV\source\Workspaces\Workspace\IMSv2\IMS\Frontend\dist\out-tsc\app\Modules\InternReport\InternReport.SearchEntity.js
C:\Users\LinhLPV\source\Workspaces\Workspace\IMSv2\IMS\Frontend\dist\out-tsc\app\Modules\InternReport\InternReport.SearchEntity.js.map
C:\Users\LinhLPV\source\Workspaces\Workspace\IMSv2\IMS\Frontend\dist\out-tsc\app\UI\Student\Student_Intern_Reports\intern-reports.component.js
C:\Users\LinhLPV\source\Workspaces\Workspace\IMSv2\IMS\Frontend\dist\out-tsc\app\UI\Student\Student_Intern_Reports\intern-reports.component.js.map
C:\Users\LinhLPV\source\Workspaces\Workspace\IMSv2\IMS\Frontend\dist\out-tsc\app\UI\Student\StudentProfile\StudentProfile.component.js
C:\Users\LinhLPV\source\Workspaces\Workspace\IMSv2\IMS\Frontend\dist\out-tsc\app\UI\Student\StudentProfile\StudentProfile.component.js.map
C:\Users\LinhLPV\source\Workspaces\Workspace\IMSv2\IMS\Frontend\dist\out-tsc\app\UI\Student\Student_Intern_Report_Finnal\InternReportFinnal.component.js
C:\Users\LinhLPV\source\Workspaces\Workspace\IMSv2\IMS\Frontend\dist\out-tsc\app\UI\Student\Student_Intern_Report_Finnal\InternReportFinnal.component.js.map
C:\Users\LinhLPV\source\Workspaces\Workspace\IMSv2\IMS\Frontend\dist\out-tsc\app\UI\Company\CompanyHome\CompanyHome.component.js
C:\Users\LinhLPV\source\Workspaces\Workspace\IMSv2\IMS\Frontend\dist\out-tsc\app\UI\Company\CompanyHome\CompanyHome.component.js.map
C:\Users\LinhLPV\source\Workspaces\Workspace\IMSv2\IMS\Frontend\dist\out-tsc\app\UI\Company\CompanyChangeHRInfor\CompanyChangeHRInfor.component.js
C:\Users\LinhLPV\source\Workspaces\Workspace\IMSv2\IMS\Frontend\dist\out-tsc\app\UI\Company\CompanyChangeHRInfor\CompanyChangeHRInfor.component.js.map
C:\Users\LinhLPV\source\Workspaces\Workspace\IMSv2\IMS\Frontend\dist\out-tsc\app\UI\Company\CompanyChangeInfor\CompanyChangeInfor.component.js
C:\Users\LinhLPV\source\Workspaces\Workspace\IMSv2\IMS\Frontend\dist\out-tsc\app\UI\Company\CompanyChangeInfor\CompanyChangeInfor.component.js.map
C:\Users\LinhLPV\source\Workspaces\Workspace\IMSv2\IMS\Frontend\dist\out-tsc\app\Modules\InternshipCourse\InternshipCourse.Entity.js
C:\Users\LinhLPV\source\Workspaces\Workspace\IMSv2\IMS\Frontend\dist\out-tsc\app\Modules\InternshipCourse\InternshipCourse.Entity.js.map
C:\Users\LinhLPV\source\Workspaces\Workspace\IMSv2\IMS\Frontend\dist\out-tsc\app\Modules\InternshipCourse\InternshipCourse.Service.js
C:\Users\LinhLPV\source\Workspaces\Workspace\IMSv2\IMS\Frontend\dist\out-tsc\app\Modules\InternshipCourse\InternshipCourse.Service.js.map
C:\Users\LinhLPV\source\Workspaces\Workspace\IMSv2\IMS\Frontend\dist\out-tsc\app\Modules\InternshipCourse\InternshipCourse.SearchEntity.js
C:\Users\LinhLPV\source\Workspaces\Workspace\IMSv2\IMS\Frontend\dist\out-tsc\app\Modules\InternshipCourse\InternshipCourse.SearchEntity.js.map
C:\Users\LinhLPV\source\Workspaces\Workspace\IMSv2\IMS\Frontend\dist\out-tsc\app\UI\Company\CompanyListStudents\CompanyListStudents.component.js
C:\Users\LinhLPV\source\Workspaces\Workspace\IMSv2\IMS\Frontend\dist\out-tsc\app\UI\Company\CompanyListStudents\CompanyListStudents.component.js.map
C:\Users\LinhLPV\source\Workspaces\Workspace\IMSv2\IMS\Frontend\dist\out-tsc\app\UI\Company\CompanyStudentReports\CompanyStudentReports.component.js
C:\Users\LinhLPV\source\Workspaces\Workspace\IMSv2\IMS\Frontend\dist\out-tsc\app\UI\Company\CompanyStudentReports\CompanyStudentReports.component.js.map
C:\Users\LinhLPV\source\Workspaces\Workspace\IMSv2\IMS\Frontend\dist\out-tsc\app\UI\Company\CompanyStudentReportInTerm\CompanyStudentReportInTerm.component.js
C:\Users\LinhLPV\source\Workspaces\Workspace\IMSv2\IMS\Frontend\dist\out-tsc\app\UI\Company\CompanyStudentReportInTerm\CompanyStudentReportInTerm.component.js.map
C:\Users\LinhLPV\source\Workspaces\Workspace\IMSv2\IMS\Frontend\dist\out-tsc\app\UI\Company\CompanyStudentReportIFinnal\CompanyStudentReportFinnal.component.js
C:\Users\LinhLPV\source\Workspaces\Workspace\IMSv2\IMS\Frontend\dist\out-tsc\app\UI\Company\CompanyStudentReportIFinnal\CompanyStudentReportFinnal.component.js.map
C:\Users\LinhLPV\source\Workspaces\Workspace\IMSv2\IMS\Frontend\dist\out-tsc\app\UI\Student\Student_An_InternNew\StudentAnInternNew.component.js
C:\Users\LinhLPV\source\Workspaces\Workspace\IMSv2\IMS\Frontend\dist\out-tsc\app\UI\Student\Student_An_InternNew\StudentAnInternNew.component.js.map
C:\Users\LinhLPV\source\Workspaces\Workspace\IMSv2\IMS\Frontend\dist\out-tsc\app\UI\Company\CompanyCreateAnInternNews\CompanyCreateAnInternNews.component.js
C:\Users\LinhLPV\source\Workspaces\Workspace\IMSv2\IMS\Frontend\dist\out-tsc\app\UI\Company\CompanyCreateAnInternNews\CompanyCreateAnInternNews.component.js.map
C:\Users\LinhLPV\source\Workspaces\Workspace\IMSv2\IMS\Frontend\dist\out-tsc\app\UI\Company\CompanyListInternNews\CompanyListInternNews.component.js
C:\Users\LinhLPV\source\Workspaces\Workspace\IMSv2\IMS\Frontend\dist\out-tsc\app\UI\Company\CompanyListInternNews\CompanyListInternNews.component.js.map
C:\Users\LinhLPV\source\Workspaces\Workspace\IMSv2\IMS\Frontend\dist\out-tsc\app\UI\Student\Student_InternNews\StudentInternNews.component.js
C:\Users\LinhLPV\source\Workspaces\Workspace\IMSv2\IMS\Frontend\dist\out-tsc\app\UI\Student\Student_InternNews\StudentInternNews.component.js.map
C:\Users\LinhLPV\source\Workspaces\Workspace\IMSv2\IMS\Frontend\dist\out-tsc\app\Modules\InternFollow\InternFollow.SearchEntity.js
C:\Users\LinhLPV\source\Workspaces\Workspace\IMSv2\IMS\Frontend\dist\out-tsc\app\Modules\InternFollow\InternFollow.SearchEntity.js.map
C:\Users\LinhLPV\source\Workspaces\Workspace\IMSv2\IMS\Frontend\dist\out-tsc\app\UI\Student\StudentListInternNews\StudentListInternNews.component.js
C:\Users\LinhLPV\source\Workspaces\Workspace\IMSv2\IMS\Frontend\dist\out-tsc\app\UI\Student\StudentListInternNews\StudentListInternNews.component.js.map
C:\Users\LinhLPV\source\Workspaces\Workspace\IMSv2\IMS\Frontend\dist\out-tsc\app\UI\Company\CompanyListStudentInAnInternNews\CompanyListStudentInAnInternNews.component.js
C:\Users\LinhLPV\source\Workspaces\Workspace\IMSv2\IMS\Frontend\dist\out-tsc\app\UI\Company\CompanyListStudentInAnInternNews\CompanyListStudentInAnInternNews.component.js.map
C:\Users\LinhLPV\source\Workspaces\Workspace\IMSv2\IMS\Frontend\dist\out-tsc\app\Route.js
C:\Users\LinhLPV\source\Workspaces\Workspace\IMSv2\IMS\Frontend\dist\out-tsc\app\Route.js.map
C:\Users\LinhLPV\source\Workspaces\Workspace\IMSv2\IMS\Frontend\dist\out-tsc\app\Shared\MaterialComponent\panel\PanelEntity.Component.js
C:\Users\LinhLPV\source\Workspaces\Workspace\IMSv2\IMS\Frontend\dist\out-tsc\app\Shared\MaterialComponent\panel\PanelEntity.Component.js.map
C:\Users\LinhLPV\source\Workspaces\Workspace\IMSv2\IMS\Frontend\dist\out-tsc\app\Shared\MaterialComponent\panel\Panel.Component.js
C:\Users\LinhLPV\source\Workspaces\Workspace\IMSv2\IMS\Frontend\dist\out-tsc\app\Shared\MaterialComponent\panel\Panel.Component.js.map
C:\Users\LinhLPV\source\Workspaces\Workspace\IMSv2\IMS\Frontend\dist\out-tsc\app\UI\Student\Student_InternFollows\StudentInternFollows.component.js
C:\Users\LinhLPV\source\Workspaces\Workspace\IMSv2\IMS\Frontend\dist\out-tsc\app\UI\Student\Student_InternFollows\StudentInternFollows.component.js.map
C:\Users\LinhLPV\source\Workspaces\Workspace\IMSv2\IMS\Frontend\dist\out-tsc\app\UI\Company\CompanyStudentListInternReport\CompanyStudentListInternReport.component.js
C:\Users\LinhLPV\source\Workspaces\Workspace\IMSv2\IMS\Frontend\dist\out-tsc\app\UI\Company\CompanyStudentListInternReport\CompanyStudentListInternReport.component.js.map
C:\Users\LinhLPV\source\Workspaces\Workspace\IMSv2\IMS\Frontend\dist\out-tsc\app\Shared\Footer\Footer.Component.js
C:\Users\LinhLPV\source\Workspaces\Workspace\IMSv2\IMS\Frontend\dist\out-tsc\app\Shared\Footer\Footer.Component.js.map
C:\Users\LinhLPV\source\Workspaces\Workspace\IMSv2\IMS\Frontend\dist\out-tsc\app\UI\Student\Student_An_InternFollows\StudentAnInternFollows.component.js
C:\Users\LinhLPV\source\Workspaces\Workspace\IMSv2\IMS\Frontend\dist\out-tsc\app\UI\Student\Student_An_InternFollows\StudentAnInternFollows.component.js.map
C:\Users\LinhLPV\source\Workspaces\Workspace\IMSv2\IMS\Frontend\dist\out-tsc\app\app.module.js
C:\Users\LinhLPV\source\Workspaces\Workspace\IMSv2\IMS\Frontend\dist\out-tsc\app\app.module.js.map
C:\Users\LinhLPV\source\Workspaces\Workspace\IMSv2\IMS\Frontend\dist\out-tsc\environments\environment.js
C:\Users\LinhLPV\source\Workspaces\Workspace\IMSv2\IMS\Frontend\dist\out-tsc\environments\environment.js.map
C:\Users\LinhLPV\source\Workspaces\Workspace\IMSv2\IMS\Frontend\dist\out-tsc\main.js
C:\Users\LinhLPV\source\Workspaces\Workspace\IMSv2\IMS\Frontend\dist\out-tsc\main.js.map
C:\Users\LinhLPV\source\Workspaces\Workspace\IMSv2\IMS\Frontend\dist\out-tsc\polyfills.js
C:\Users\LinhLPV\source\Workspaces\Workspace\IMSv2\IMS\Frontend\dist\out-tsc\polyfills.js.map
C:\Users\LinhLPV\source\Workspaces\Workspace\IMSv2\IMS\Frontend\dist\out-tsc\test.js
C:\Users\LinhLPV\source\Workspaces\Workspace\IMSv2\IMS\Frontend\dist\out-tsc\test.js.map
C:\Users\LinhLPV\source\Workspaces\Workspace\IMSv2\IMS\Frontend\dist\out-tsc\app\app.component.spec.js
C:\Users\LinhLPV\source\Workspaces\Workspace\IMSv2\IMS\Frontend\dist\out-tsc\app\app.component.spec.js.map
C:\Users\LinhLPV\source\Workspaces\Workspace\IMSv2\IMS\Frontend\dist\out-tsc\environments\environment.prod.js
C:\Users\LinhLPV\source\Workspaces\Workspace\IMSv2\IMS\Frontend\dist\out-tsc\environments\environment.prod.js.map
C:\Users\LinhLPV\source\Workspaces\Workspace\IMSv2\IMS\Frontend\dist\out-tsc\app\Modules\HREmployee\HREmployee.SearchEntity.js
C:\Users\LinhLPV\source\Workspaces\Workspace\IMSv2\IMS\Frontend\dist\out-tsc\app\Modules\HREmployee\HREmployee.SearchEntity.js.map
C:\Users\LinhLPV\source\Workspaces\Workspace\IMSv2\IMS\Frontend\dist\out-tsc\app\Modules\Lecturer\Lecturer.Service.js
C:\Users\LinhLPV\source\Workspaces\Workspace\IMSv2\IMS\Frontend\dist\out-tsc\app\Modules\Lecturer\Lecturer.Service.js.map
C:\Users\LinhLPV\source\Workspaces\Workspace\IMSv2\IMS\Frontend\dist\out-tsc\app\Modules\LecturerFollow\LecturerFollow.Entity.js
C:\Users\LinhLPV\source\Workspaces\Workspace\IMSv2\IMS\Frontend\dist\out-tsc\app\Modules\LecturerFollow\LecturerFollow.Entity.js.map
C:\Users\LinhLPV\source\Workspaces\Workspace\IMSv2\IMS\Frontend\dist\out-tsc\app\Modules\LecturerFollow\LecturerFollow.SearchEntity.js
C:\Users\LinhLPV\source\Workspaces\Workspace\IMSv2\IMS\Frontend\dist\out-tsc\app\Modules\LecturerFollow\LecturerFollow.SearchEntity.js.map
C:\Users\LinhLPV\source\Workspaces\Workspace\IMSv2\IMS\Frontend\dist\out-tsc\app\Modules\LecturerFollow\LecturerFollow.Service.js
C:\Users\LinhLPV\source\Workspaces\Workspace\IMSv2\IMS\Frontend\dist\out-tsc\app\Modules\LecturerFollow\LecturerFollow.Service.js.map
C:\Users\LinhLPV\source\Workspaces\Workspace\IMSv2\IMS\Frontend\dist\out-tsc\app\Modules\Operation\Operation.Entity.js
C:\Users\LinhLPV\source\Workspaces\Workspace\IMSv2\IMS\Frontend\dist\out-tsc\app\Modules\Operation\Operation.Entity.js.map
C:\Users\LinhLPV\source\Workspaces\Workspace\IMSv2\IMS\Frontend\dist\out-tsc\app\Modules\Operation\Operation.SearchEntity.js
C:\Users\LinhLPV\source\Workspaces\Workspace\IMSv2\IMS\Frontend\dist\out-tsc\app\Modules\Operation\Operation.SearchEntity.js.map
C:\Users\LinhLPV\source\Workspaces\Workspace\IMSv2\IMS\Frontend\dist\out-tsc\app\Modules\Operation\Operation.Service.js
C:\Users\LinhLPV\source\Workspaces\Workspace\IMSv2\IMS\Frontend\dist\out-tsc\app\Modules\Operation\Operation.Service.js.map
C:\Users\LinhLPV\source\Workspaces\Workspace\IMSv2\IMS\Frontend\dist\out-tsc\app\Shared\FilterComponent\FilterComponent.Entity.js
C:\Users\LinhLPV\source\Workspaces\Workspace\IMSv2\IMS\Frontend\dist\out-tsc\app\Shared\FilterComponent\FilterComponent.Entity.js.map
C:\Users\LinhLPV\source\Workspaces\Workspace\IMSv2\IMS\Frontend\dist\out-tsc\app\Shared\inputfile\Data.Entity.js
C:\Users\LinhLPV\source\Workspaces\Workspace\IMSv2\IMS\Frontend\dist\out-tsc\app\Shared\inputfile\Data.Entity.js.map
C:\Users\LinhLPV\source\Workspaces\Workspace\IMSv2\IMS\Frontend\dist\out-tsc\app\Shared\inputfile\inputfile.component.js
C:\Users\LinhLPV\source\Workspaces\Workspace\IMSv2\IMS\Frontend\dist\out-tsc\app\Shared\inputfile\inputfile.component.js.map
C:\Users\LinhLPV\source\Workspaces\Workspace\IMSv2\IMS\Frontend\dist\out-tsc\app\Shared\NgVas\canvas\tweens\interfaces.js
C:\Users\LinhLPV\source\Workspaces\Workspace\IMSv2\IMS\Frontend\dist\out-tsc\app\Shared\NgVas\canvas\tweens\interfaces.js.map
C:\Users\LinhLPV\source\Workspaces\Workspace\IMSv2\IMS\Frontend\dist\out-tsc\app\Shared\NgVas\canvas\Boundary.js
C:\Users\LinhLPV\source\Workspaces\Workspace\IMSv2\IMS\Frontend\dist\out-tsc\app\Shared\NgVas\canvas\Boundary.js.map
C:\Users\LinhLPV\source\Workspaces\Workspace\IMSv2\IMS\Frontend\dist\out-tsc\app\Shared\NgVas\canvas\shapes\interfaces.js
C:\Users\LinhLPV\source\Workspaces\Workspace\IMSv2\IMS\Frontend\dist\out-tsc\app\Shared\NgVas\canvas\shapes\interfaces.js.map
C:\Users\LinhLPV\source\Workspaces\Workspace\IMSv2\IMS\Frontend\dist\out-tsc\app\Shared\NgVas\canvas\styles\interfaces.js
C:\Users\LinhLPV\source\Workspaces\Workspace\IMSv2\IMS\Frontend\dist\out-tsc\app\Shared\NgVas\canvas\styles\interfaces.js.map
C:\Users\LinhLPV\source\Workspaces\Workspace\IMSv2\IMS\Frontend\dist\out-tsc\app\Shared\NgVas\canvas\hit-area\interfaces.js
C:\Users\LinhLPV\source\Workspaces\Workspace\IMSv2\IMS\Frontend\dist\out-tsc\app\Shared\NgVas\canvas\hit-area\interfaces.js.map
C:\Users\LinhLPV\source\Workspaces\Workspace\IMSv2\IMS\Frontend\dist\out-tsc\app\Shared\NgVas\canvas\hit-area\PixelHitArea.js
C:\Users\LinhLPV\source\Workspaces\Workspace\IMSv2\IMS\Frontend\dist\out-tsc\app\Shared\NgVas\canvas\hit-area\PixelHitArea.js.map
C:\Users\LinhLPV\source\Workspaces\Workspace\IMSv2\IMS\Frontend\dist\out-tsc\app\Shared\NgVas\canvas\constraints\interfaces.js
C:\Users\LinhLPV\source\Workspaces\Workspace\IMSv2\IMS\Frontend\dist\out-tsc\app\Shared\NgVas\canvas\constraints\interfaces.js.map
C:\Users\LinhLPV\source\Workspaces\Workspace\IMSv2\IMS\Frontend\dist\out-tsc\app\Shared\NgVas\canvas\tweens\easing.js
C:\Users\LinhLPV\source\Workspaces\Workspace\IMSv2\IMS\Frontend\dist\out-tsc\app\Shared\NgVas\canvas\tweens\easing.js.map
C:\Users\LinhLPV\source\Workspaces\Workspace\IMSv2\IMS\Frontend\dist\out-tsc\app\Shared\NgVas\canvas\tweens\TweenManager.js
C:\Users\LinhLPV\source\Workspaces\Workspace\IMSv2\IMS\Frontend\dist\out-tsc\app\Shared\NgVas\canvas\tweens\TweenManager.js.map
C:\Users\LinhLPV\source\Workspaces\Workspace\IMSv2\IMS\Frontend\dist\out-tsc\app\Shared\NgVas\canvas\shapes\BaseShape.js
C:\Users\LinhLPV\source\Workspaces\Workspace\IMSv2\IMS\Frontend\dist\out-tsc\app\Shared\NgVas\canvas\shapes\BaseShape.js.map
C:\Users\LinhLPV\source\Workspaces\Workspace\IMSv2\IMS\Frontend\dist\out-tsc\app\Shared\NgVas\canvas\styles\StyleManager.js
C:\Users\LinhLPV\source\Workspaces\Workspace\IMSv2\IMS\Frontend\dist\out-tsc\app\Shared\NgVas\canvas\styles\StyleManager.js.map
C:\Users\LinhLPV\source\Workspaces\Workspace\IMSv2\IMS\Frontend\dist\out-tsc\app\Shared\NgVas\canvas\styles\color-style-parser.js
C:\Users\LinhLPV\source\Workspaces\Workspace\IMSv2\IMS\Frontend\dist\out-tsc\app\Shared\NgVas\canvas\styles\color-style-parser.js.map
C:\Users\LinhLPV\source\Workspaces\Workspace\IMSv2\IMS\Frontend\dist\out-tsc\app\Shared\NgVas\canvas\styles\StyleTweenHelper.js
C:\Users\LinhLPV\source\Workspaces\Workspace\IMSv2\IMS\Frontend\dist\out-tsc\app\Shared\NgVas\canvas\styles\StyleTweenHelper.js.map
C:\Users\LinhLPV\source\Workspaces\Workspace\IMSv2\IMS\Frontend\dist\out-tsc\app\Shared\NgVas\canvas\styles\BaseStyle.js
C:\Users\LinhLPV\source\Workspaces\Workspace\IMSv2\IMS\Frontend\dist\out-tsc\app\Shared\NgVas\canvas\styles\BaseStyle.js.map
C:\Users\LinhLPV\source\Workspaces\Workspace\IMSv2\IMS\Frontend\dist\out-tsc\app\Shared\NgVas\canvas\shapes\ArcShape.js
C:\Users\LinhLPV\source\Workspaces\Workspace\IMSv2\IMS\Frontend\dist\out-tsc\app\Shared\NgVas\canvas\shapes\ArcShape.js.map
C:\Users\LinhLPV\source\Workspaces\Workspace\IMSv2\IMS\Frontend\dist\out-tsc\app\Shared\NgVas\canvas\shapes\BezierCurveShape.js
C:\Users\LinhLPV\source\Workspaces\Workspace\IMSv2\IMS\Frontend\dist\out-tsc\app\Shared\NgVas\canvas\shapes\BezierCurveShape.js.map
C:\Users\LinhLPV\source\Workspaces\Workspace\IMSv2\IMS\Frontend\dist\out-tsc\app\Shared\NgVas\canvas\shapes\CircleShape.js
C:\Users\LinhLPV\source\Workspaces\Workspace\IMSv2\IMS\Frontend\dist\out-tsc\app\Shared\NgVas\canvas\shapes\CircleShape.js.map
C:\Users\LinhLPV\source\Workspaces\Workspace\IMSv2\IMS\Frontend\dist\out-tsc\app\Shared\NgVas\canvas\shapes\PolyShape.js
C:\Users\LinhLPV\source\Workspaces\Workspace\IMSv2\IMS\Frontend\dist\out-tsc\app\Shared\NgVas\canvas\shapes\PolyShape.js.map
C:\Users\LinhLPV\source\Workspaces\Workspace\IMSv2\IMS\Frontend\dist\out-tsc\app\Shared\NgVas\canvas\shapes\ImageShape.js
C:\Users\LinhLPV\source\Workspaces\Workspace\IMSv2\IMS\Frontend\dist\out-tsc\app\Shared\NgVas\canvas\shapes\ImageShape.js.map
C:\Users\LinhLPV\source\Workspaces\Workspace\IMSv2\IMS\Frontend\dist\out-tsc\app\Shared\NgVas\canvas\shapes\LineShape.js
C:\Users\LinhLPV\source\Workspaces\Workspace\IMSv2\IMS\Frontend\dist\out-tsc\app\Shared\NgVas\canvas\shapes\LineShape.js.map
C:\Users\LinhLPV\source\Workspaces\Workspace\IMSv2\IMS\Frontend\dist\out-tsc\app\Shared\NgVas\canvas\shapes\RectShape.js
C:\Users\LinhLPV\source\Workspaces\Workspace\IMSv2\IMS\Frontend\dist\out-tsc\app\Shared\NgVas\canvas\shapes\RectShape.js.map
C:\Users\LinhLPV\source\Workspaces\Workspace\IMSv2\IMS\Frontend\dist\out-tsc\app\Shared\NgVas\canvas\shapes\TextShape.js
C:\Users\LinhLPV\source\Workspaces\Workspace\IMSv2\IMS\Frontend\dist\out-tsc\app\Shared\NgVas\canvas\shapes\TextShape.js.map
C:\Users\LinhLPV\source\Workspaces\Workspace\IMSv2\IMS\Frontend\dist\out-tsc\app\Shared\NgVas\canvas\shapes\QuadraticCurveShape.js
C:\Users\LinhLPV\source\Workspaces\Workspace\IMSv2\IMS\Frontend\dist\out-tsc\app\Shared\NgVas\canvas\shapes\QuadraticCurveShape.js.map
C:\Users\LinhLPV\source\Workspaces\Workspace\IMSv2\IMS\Frontend\dist\out-tsc\app\Shared\NgVas\canvas\shapes\index.js
C:\Users\LinhLPV\source\Workspaces\Workspace\IMSv2\IMS\Frontend\dist\out-tsc\app\Shared\NgVas\canvas\shapes\index.js.map
C:\Users\LinhLPV\source\Workspaces\Workspace\IMSv2\IMS\Frontend\dist\out-tsc\app\Shared\NgVas\canvas\interfaces.js
C:\Users\LinhLPV\source\Workspaces\Workspace\IMSv2\IMS\Frontend\dist\out-tsc\app\Shared\NgVas\canvas\interfaces.js.map
C:\Users\LinhLPV\source\Workspaces\Workspace\IMSv2\IMS\Frontend\dist\out-tsc\app\Shared\NgVas\canvas\Group.js
C:\Users\LinhLPV\source\Workspaces\Workspace\IMSv2\IMS\Frontend\dist\out-tsc\app\Shared\NgVas\canvas\Group.js.map
C:\Users\LinhLPV\source\Workspaces\Workspace\IMSv2\IMS\Frontend\dist\out-tsc\app\Shared\NgVas\canvas\CanvasGroup.js
C:\Users\LinhLPV\source\Workspaces\Workspace\IMSv2\IMS\Frontend\dist\out-tsc\app\Shared\NgVas\canvas\CanvasGroup.js.map
C:\Users\LinhLPV\source\Workspaces\Workspace\IMSv2\IMS\Frontend\dist\out-tsc\app\Shared\NgVas\components\interfaces.js
C:\Users\LinhLPV\source\Workspaces\Workspace\IMSv2\IMS\Frontend\dist\out-tsc\app\Shared\NgVas\components\interfaces.js.map
C:\Users\LinhLPV\source\Workspaces\Workspace\IMSv2\IMS\Frontend\dist\out-tsc\app\Shared\NgVas\OutputData.Entity.js
C:\Users\LinhLPV\source\Workspaces\Workspace\IMSv2\IMS\Frontend\dist\out-tsc\app\Shared\NgVas\OutputData.Entity.js.map
C:\Users\LinhLPV\source\Workspaces\Workspace\IMSv2\IMS\Frontend\dist\out-tsc\app\Shared\NgVas\components\base.component.js
C:\Users\LinhLPV\source\Workspaces\Workspace\IMSv2\IMS\Frontend\dist\out-tsc\app\Shared\NgVas\components\base.component.js.map
C:\Users\LinhLPV\source\Workspaces\Workspace\IMSv2\IMS\Frontend\dist\out-tsc\app\Shared\NgVas\components\ngvas.component.js
C:\Users\LinhLPV\source\Workspaces\Workspace\IMSv2\IMS\Frontend\dist\out-tsc\app\Shared\NgVas\components\ngvas.component.js.map
C:\Users\LinhLPV\source\Workspaces\Workspace\IMSv2\IMS\Frontend\dist\out-tsc\app\Shared\NgVas\components\ngvas-arc.component.js
C:\Users\LinhLPV\source\Workspaces\Workspace\IMSv2\IMS\Frontend\dist\out-tsc\app\Shared\NgVas\components\ngvas-arc.component.js.map
C:\Users\LinhLPV\source\Workspaces\Workspace\IMSv2\IMS\Frontend\dist\out-tsc\app\Shared\NgVas\components\ngvas-bezier.component.js
C:\Users\LinhLPV\source\Workspaces\Workspace\IMSv2\IMS\Frontend\dist\out-tsc\app\Shared\NgVas\components\ngvas-bezier.component.js.map
C:\Users\LinhLPV\source\Workspaces\Workspace\IMSv2\IMS\Frontend\dist\out-tsc\app\Shared\NgVas\components\ngvas-circle.component.js
C:\Users\LinhLPV\source\Workspaces\Workspace\IMSv2\IMS\Frontend\dist\out-tsc\app\Shared\NgVas\components\ngvas-circle.component.js.map
C:\Users\LinhLPV\source\Workspaces\Workspace\IMSv2\IMS\Frontend\dist\out-tsc\app\Shared\NgVas\components\ngvas-image.component.js
C:\Users\LinhLPV\source\Workspaces\Workspace\IMSv2\IMS\Frontend\dist\out-tsc\app\Shared\NgVas\components\ngvas-image.component.js.map
C:\Users\LinhLPV\source\Workspaces\Workspace\IMSv2\IMS\Frontend\dist\out-tsc\app\Shared\NgVas\components\ngvas-line.component.js
C:\Users\LinhLPV\source\Workspaces\Workspace\IMSv2\IMS\Frontend\dist\out-tsc\app\Shared\NgVas\components\ngvas-line.component.js.map
C:\Users\LinhLPV\source\Workspaces\Workspace\IMSv2\IMS\Frontend\dist\out-tsc\app\Shared\NgVas\components\ngvas-polygon.component.js
C:\Users\LinhLPV\source\Workspaces\Workspace\IMSv2\IMS\Frontend\dist\out-tsc\app\Shared\NgVas\components\ngvas-polygon.component.js.map
C:\Users\LinhLPV\source\Workspaces\Workspace\IMSv2\IMS\Frontend\dist\out-tsc\app\Shared\NgVas\components\ngvas-quadratic.component.js
C:\Users\LinhLPV\source\Workspaces\Workspace\IMSv2\IMS\Frontend\dist\out-tsc\app\Shared\NgVas\components\ngvas-quadratic.component.js.map
C:\Users\LinhLPV\source\Workspaces\Workspace\IMSv2\IMS\Frontend\dist\out-tsc\app\Shared\NgVas\components\ngvas-rectange.component.js
C:\Users\LinhLPV\source\Workspaces\Workspace\IMSv2\IMS\Frontend\dist\out-tsc\app\Shared\NgVas\components\ngvas-rectange.component.js.map
C:\Users\LinhLPV\source\Workspaces\Workspace\IMSv2\IMS\Frontend\dist\out-tsc\app\Shared\NgVas\components\ngvas-text.component.js
C:\Users\LinhLPV\source\Workspaces\Workspace\IMSv2\IMS\Frontend\dist\out-tsc\app\Shared\NgVas\components\ngvas-text.component.js.map
C:\Users\LinhLPV\source\Workspaces\Workspace\IMSv2\IMS\Frontend\dist\out-tsc\app\Shared\NgVas\ngvas.module.js
C:\Users\LinhLPV\source\Workspaces\Workspace\IMSv2\IMS\Frontend\dist\out-tsc\app\Shared\NgVas\ngvas.module.js.map
C:\Users\LinhLPV\source\Workspaces\Workspace\IMSv2\IMS\Frontend\dist\out-tsc\app\Shared\NgVas\index.js
C:\Users\LinhLPV\source\Workspaces\Workspace\IMSv2\IMS\Frontend\dist\out-tsc\app\Shared\NgVas\index.js.map
C:\Users\LinhLPV\source\Workspaces\Workspace\IMSv2\IMS\Frontend\dist\out-tsc\app\UI\home\home.component.js
C:\Users\LinhLPV\source\Workspaces\Workspace\IMSv2\IMS\Frontend\dist\out-tsc\app\UI\home\home.component.js.map
C:\Users\LinhLPV\source\Workspaces\Workspace\IMSv2\IMS\Frontend\dist\out-tsc\app\UI\home\panel1\panel1.component.js
C:\Users\LinhLPV\source\Workspaces\Workspace\IMSv2\IMS\Frontend\dist\out-tsc\app\UI\home\panel1\panel1.component.js.map
C:\Users\LinhLPV\source\Workspaces\Workspace\IMSv2\IMS\Frontend\dist\out-tsc\app\UI\home\home-routing.module.js
C:\Users\LinhLPV\source\Workspaces\Workspace\IMSv2\IMS\Frontend\dist\out-tsc\app\UI\home\home-routing.module.js.map
C:\Users\LinhLPV\source\Workspaces\Workspace\IMSv2\IMS\Frontend\dist\out-tsc\app\UI\home\home.component.spec.js
C:\Users\LinhLPV\source\Workspaces\Workspace\IMSv2\IMS\Frontend\dist\out-tsc\app\UI\home\home.component.spec.js.map
C:\Users\LinhLPV\source\Workspaces\Workspace\IMSv2\IMS\Frontend\dist\out-tsc\app\UI\home\home.module.js
C:\Users\LinhLPV\source\Workspaces\Workspace\IMSv2\IMS\Frontend\dist\out-tsc\app\UI\home\home.module.js.map
C:\Users\LinhLPV\source\Workspaces\Workspace\IMSv2\IMS\Frontend\dist\out-tsc\app\UI\InternReport\InternReport.component.js
C:\Users\LinhLPV\source\Workspaces\Workspace\IMSv2\IMS\Frontend\dist\out-tsc\app\UI\InternReport\InternReport.component.js.map
C:\Users\LinhLPV\source\Workspaces\Workspace\IMSv2\IMS\Frontend\dist\out-tsc\app\UI\StudentProfile\StudentProfile.component.js
C:\Users\LinhLPV\source\Workspaces\Workspace\IMSv2\IMS\Frontend\dist\out-tsc\app\UI\StudentProfile\StudentProfile.component.js.map
C:\Users\LinhLPV\source\Workspaces\Workspace\IMSv2\IMS\Frontend\dist\out-tsc\app\UI\StudyProgress\StudyProgress.component.js
C:\Users\LinhLPV\source\Workspaces\Workspace\IMSv2\IMS\Frontend\dist\out-tsc\app\UI\StudyProgress\StudyProgress.component.js.map
C:\Users\LinhLPV\source\Workspaces\Workspace\IMSv2\IMS\Frontend\dist\out-tsc\app\Shared\MaterialComponent\paging\paging.component.spec.js
C:\Users\LinhLPV\source\Workspaces\Workspace\IMSv2\IMS\Frontend\dist\out-tsc\app\Shared\MaterialComponent\paging\paging.component.spec.js.map
C:\Users\LinhLPV\source\Workspaces\Workspace\IMSv2\IMS\Frontend\dist\out-tsc\app\Shared\MaterialComponent\paging\paging.service.js
C:\Users\LinhLPV\source\Workspaces\Workspace\IMSv2\IMS\Frontend\dist\out-tsc\app\Shared\MaterialComponent\paging\paging.service.js.map
C:\Users\LinhLPV\source\Workspaces\Workspace\IMSv2\IMS\Frontend\dist\out-tsc\app\Shared\MaterialComponent\paging\paging.service.spec.js
C:\Users\LinhLPV\source\Workspaces\Workspace\IMSv2\IMS\Frontend\dist\out-tsc\app\Shared\MaterialComponent\paging\paging.service.spec.js.map
C:\Users\LinhLPV\source\Workspaces\Workspace\IMSv2\IMS\Frontend\dist\out-tsc\app\Shared\NgVas\canvas\hit-area\index.js
C:\Users\LinhLPV\source\Workspaces\Workspace\IMSv2\IMS\Frontend\dist\out-tsc\app\Shared\NgVas\canvas\hit-area\index.js.map
C:\Users\LinhLPV\source\Workspaces\Workspace\IMSv2\IMS\Frontend\dist\out-tsc\app\Shared\NgVas\canvas\tweens\index.js
C:\Users\LinhLPV\source\Workspaces\Workspace\IMSv2\IMS\Frontend\dist\out-tsc\app\Shared\NgVas\canvas\tweens\index.js.map
C:\Users\LinhLPV\source\Workspaces\Workspace\IMSv2\IMS\Frontend\dist\out-tsc\app\Shared\NgVas\canvas\index.js
C:\Users\LinhLPV\source\Workspaces\Workspace\IMSv2\IMS\Frontend\dist\out-tsc\app\Shared\NgVas\canvas\index.js.map
C:\Users\LinhLPV\source\Workspaces\Workspace\IMSv2\IMS\Frontend\dist\out-tsc\app\UI\Company\CompanyChangePassword\CompanyChangePassword.component.js
C:\Users\LinhLPV\source\Workspaces\Workspace\IMSv2\IMS\Frontend\dist\out-tsc\app\UI\Company\CompanyChangePassword\CompanyChangePassword.component.js.map
C:\Users\LinhLPV\source\Workspaces\Workspace\IMSv2\IMS\Frontend\dist\out-tsc\app\UI\Company\CompanyManagePost\CompanyManagePost.component.js
C:\Users\LinhLPV\source\Workspaces\Workspace\IMSv2\IMS\Frontend\dist\out-tsc\app\UI\Company\CompanyManagePost\CompanyManagePost.component.js.map
C:\Users\LinhLPV\source\Workspaces\Workspace\IMSv2\IMS\Frontend\dist\out-tsc\app\UI\home\panel1\panel1.component.spec.js
C:\Users\LinhLPV\source\Workspaces\Workspace\IMSv2\IMS\Frontend\dist\out-tsc\app\UI\home\panel1\panel1.component.spec.js.map
C:\Users\LinhLPV\source\Workspaces\Workspace\IMSv2\IMS\Frontend\dist\out-tsc\app\UI\Lecturer\Lecture\Lecture.Component.js
C:\Users\LinhLPV\source\Workspaces\Workspace\IMSv2\IMS\Frontend\dist\out-tsc\app\UI\Lecturer\Lecture\Lecture.Component.js.map
C:\Users\LinhLPV\source\Workspaces\Workspace\IMSv2\IMS\Frontend\dist\out-tsc\app\UI\Lecturer\Lecture_Change_Password\LectureChangePassword.component.js
C:\Users\LinhLPV\source\Workspaces\Workspace\IMSv2\IMS\Frontend\dist\out-tsc\app\UI\Lecturer\Lecture_Change_Password\LectureChangePassword.component.js.map
C:\Users\LinhLPV\source\Workspaces\Workspace\IMSv2\IMS\Frontend\dist\out-tsc\app\UI\Lecturer\Lecture_ListStudent\LectureListStudent.component.js
C:\Users\LinhLPV\source\Workspaces\Workspace\IMSv2\IMS\Frontend\dist\out-tsc\app\UI\Lecturer\Lecture_ListStudent\LectureListStudent.component.js.map
C:\Users\LinhLPV\source\Workspaces\Workspace\IMSv2\IMS\Frontend\dist\out-tsc\app\UI\StudentProfile\InternshipResult\InternshipResult.component.js
C:\Users\LinhLPV\source\Workspaces\Workspace\IMSv2\IMS\Frontend\dist\out-tsc\app\UI\StudentProfile\InternshipResult\InternshipResult.component.js.map
C:\Users\LinhLPV\source\Workspaces\Workspace\IMSv2\IMS\Frontend\dist\out-tsc\app\Shared\NgVas\canvas\constraints\index.js
C:\Users\LinhLPV\source\Workspaces\Workspace\IMSv2\IMS\Frontend\dist\out-tsc\app\Shared\NgVas\canvas\constraints\index.js.map
C:\Users\LinhLPV\source\Workspaces\Workspace\IMSv2\IMS\Frontend\dist\out-tsc\app\Shared\NgVas\canvas\hit-area\CircleHitArea.js
C:\Users\LinhLPV\source\Workspaces\Workspace\IMSv2\IMS\Frontend\dist\out-tsc\app\Shared\NgVas\canvas\hit-area\CircleHitArea.js.map
C:\Users\LinhLPV\source\Workspaces\Workspace\IMSv2\IMS\Frontend\dist\out-tsc\app\Shared\NgVas\canvas\hit-area\RectHitArea.js
C:\Users\LinhLPV\source\Workspaces\Workspace\IMSv2\IMS\Frontend\dist\out-tsc\app\Shared\NgVas\canvas\hit-area\RectHitArea.js.map
C:\Users\LinhLPV\source\Workspaces\Workspace\IMSv2\IMS\Frontend\dist\out-tsc\app\Shared\NgVas\canvas\styles\index.js
C:\Users\LinhLPV\source\Workspaces\Workspace\IMSv2\IMS\Frontend\dist\out-tsc\app\Shared\NgVas\canvas\styles\index.js.map
C:\Users\LinhLPV\source\Workspaces\Workspace\IMSv2\IMS\Frontend\dist\out-tsc\app\Shared\NgVas\canvas\utilities\points.js
C:\Users\LinhLPV\source\Workspaces\Workspace\IMSv2\IMS\Frontend\dist\out-tsc\app\Shared\NgVas\canvas\utilities\points.js.map
